/var/spool/slurmd/job1409202/slurm_script: line 7: vbd667: command not found
2,3
Wed Apr 22 02:08:17 2020       
+-----------------------------------------------------------------------------+
| NVIDIA-SMI 440.33.01    Driver Version: 440.33.01    CUDA Version: 10.2     |
|-------------------------------+----------------------+----------------------+
| GPU  Name        Persistence-M| Bus-Id        Disp.A | Volatile Uncorr. ECC |
| Fan  Temp  Perf  Pwr:Usage/Cap|         Memory-Usage | GPU-Util  Compute M. |
|===============================+======================+======================|
|   0  TITAN Xp            Off  | 00000000:02:00.0 Off |                  N/A |
| 52%   80C    P2   186W / 250W |   4035MiB / 12196MiB |     39%      Default |
+-------------------------------+----------------------+----------------------+
|   1  GeForce GTX 1080    Off  | 00000000:03:00.0 Off |                  N/A |
| 43%   62C    P2    53W / 198W |   7993MiB /  8119MiB |      0%      Default |
+-------------------------------+----------------------+----------------------+
|   2  GeForce GTX 1080    Off  | 00000000:83:00.0 Off |                  N/A |
|  0%   40C    P0    42W / 198W |      0MiB /  8119MiB |      0%      Default |
+-------------------------------+----------------------+----------------------+
|   3  GeForce GTX 1080    Off  | 00000000:84:00.0 Off |                  N/A |
| 22%   46C    P0    40W / 198W |      0MiB /  8119MiB |      2%      Default |
+-------------------------------+----------------------+----------------------+
                                                                               
+-----------------------------------------------------------------------------+
| Processes:                                                       GPU Memory |
|  GPU       PID   Type   Process name                             Usage      |
|=============================================================================|
|    0     33786      C   python                                      4025MiB |
|    1     29793      C   python3                                     7983MiB |
+-----------------------------------------------------------------------------+
/var/spool/slurmd/job1409202/slurm_script: line 10: activate: No such file or directory
2020-04-22 02:08:19.644706: W tensorflow/stream_executor/platform/default/dso_loader.cc:55] Could not load dynamic library 'libnvinfer.so.6'; dlerror: libnvinfer.so.6: cannot open shared object file: No such file or directory
2020-04-22 02:08:19.644848: W tensorflow/stream_executor/platform/default/dso_loader.cc:55] Could not load dynamic library 'libnvinfer_plugin.so.6'; dlerror: libnvinfer_plugin.so.6: cannot open shared object file: No such file or directory
2020-04-22 02:08:19.644867: W tensorflow/compiler/tf2tensorrt/utils/py_utils.cc:30] Cannot dlopen some TensorRT libraries. If you would like to use Nvidia GPU with TensorRT, please make sure the missing libraries mentioned above are installed properly.
