/var/spool/slurmd/job1409203/slurm_script: line 7: vbd667: command not found
2,3
Wed Apr 22 02:09:35 2020       
+-----------------------------------------------------------------------------+
| NVIDIA-SMI 440.33.01    Driver Version: 440.33.01    CUDA Version: 10.2     |
|-------------------------------+----------------------+----------------------+
| GPU  Name        Persistence-M| Bus-Id        Disp.A | Volatile Uncorr. ECC |
| Fan  Temp  Perf  Pwr:Usage/Cap|         Memory-Usage | GPU-Util  Compute M. |
|===============================+======================+======================|
|   0  TITAN V             Off  | 00000000:02:00.0 Off |                  N/A |
| 35%   50C    P2    44W / 250W |  11027MiB / 12066MiB |     48%      Default |
+-------------------------------+----------------------+----------------------+
|   1  TITAN Xp            Off  | 00000000:03:00.0 Off |                  N/A |
| 40%   64C    P2    89W / 250W |   5267MiB / 12196MiB |     49%      Default |
+-------------------------------+----------------------+----------------------+
|   2  Tesla K20c          Off  | 00000000:83:00.0 Off |                    0 |
| 30%   31C    P0    48W / 225W |      0MiB /  4743MiB |      0%      Default |
+-------------------------------+----------------------+----------------------+
|   3  Tesla K40c          Off  | 00000000:84:00.0 Off |                    0 |
| 23%   39C    P0    72W / 235W |      0MiB / 11441MiB |     97%      Default |
+-------------------------------+----------------------+----------------------+
                                                                               
+-----------------------------------------------------------------------------+
| Processes:                                                       GPU Memory |
|  GPU       PID   Type   Process name                             Usage      |
|=============================================================================|
|    0     48725      C   python                                     11015MiB |
|    1     48725      C   python                                      5257MiB |
+-----------------------------------------------------------------------------+
/var/spool/slurmd/job1409203/slurm_script: line 10: activate: No such file or directory
2020-04-22 02:09:37.706853: W tensorflow/stream_executor/platform/default/dso_loader.cc:55] Could not load dynamic library 'libnvinfer.so.6'; dlerror: libnvinfer.so.6: cannot open shared object file: No such file or directory
2020-04-22 02:09:37.706972: W tensorflow/stream_executor/platform/default/dso_loader.cc:55] Could not load dynamic library 'libnvinfer_plugin.so.6'; dlerror: libnvinfer_plugin.so.6: cannot open shared object file: No such file or directory
2020-04-22 02:09:37.706986: W tensorflow/compiler/tf2tensorrt/utils/py_utils.cc:30] Cannot dlopen some TensorRT libraries. If you would like to use Nvidia GPU with TensorRT, please make sure the missing libraries mentioned above are installed properly.
