/var/spool/slurmd/job1409201/slurm_script: line 7: vbd667: command not found
3,4
Wed Apr 22 01:51:25 2020       
+-----------------------------------------------------------------------------+
| NVIDIA-SMI 440.33.01    Driver Version: 440.33.01    CUDA Version: 10.2     |
|-------------------------------+----------------------+----------------------+
| GPU  Name        Persistence-M| Bus-Id        Disp.A | Volatile Uncorr. ECC |
| Fan  Temp  Perf  Pwr:Usage/Cap|         Memory-Usage | GPU-Util  Compute M. |
|===============================+======================+======================|
|   0  TITAN RTX           Off  | 00000000:1A:00.0 Off |                  N/A |
| 40%   44C    P2    99W / 280W |  20116MiB / 24220MiB |     68%      Default |
+-------------------------------+----------------------+----------------------+
|   1  TITAN RTX           Off  | 00000000:1B:00.0 Off |                  N/A |
| 41%   41C    P2    94W / 280W |   7374MiB / 24220MiB |      0%      Default |
+-------------------------------+----------------------+----------------------+
|   2  TITAN RTX           Off  | 00000000:3D:00.0 Off |                  N/A |
| 41%   36C    P2    83W / 280W |   5716MiB / 24220MiB |      6%      Default |
+-------------------------------+----------------------+----------------------+
|   3  TITAN RTX           Off  | 00000000:3E:00.0 Off |                  N/A |
| 38%   35C    P0    66W / 280W |      0MiB / 24220MiB |      0%      Default |
+-------------------------------+----------------------+----------------------+
|   4  TITAN RTX           Off  | 00000000:88:00.0 Off |                  N/A |
| 42%   35C    P0    61W / 280W |      0MiB / 24220MiB |      0%      Default |
+-------------------------------+----------------------+----------------------+
|   5  TITAN RTX           Off  | 00000000:89:00.0 Off |                  N/A |
| 48%   36C    P0    56W / 280W |      0MiB / 24220MiB |      1%      Default |
+-------------------------------+----------------------+----------------------+
|   6  TITAN RTX           Off  | 00000000:B1:00.0 Off |                  N/A |
| 41%   35C    P0    64W / 280W |      0MiB / 24220MiB |      1%      Default |
+-------------------------------+----------------------+----------------------+
|   7  TITAN RTX           Off  | 00000000:B2:00.0 Off |                  N/A |
| 22%   35C    P0    60W / 280W |      0MiB / 24220MiB |      0%      Default |
+-------------------------------+----------------------+----------------------+
                                                                               
+-----------------------------------------------------------------------------+
| Processes:                                                       GPU Memory |
|  GPU       PID   Type   Process name                             Usage      |
|=============================================================================|
|    0    139214      C   python                                     20105MiB |
|    1    139214      C   python                                      7363MiB |
|    2    139214      C   python                                      5705MiB |
+-----------------------------------------------------------------------------+
/var/spool/slurmd/job1409201/slurm_script: line 10: activate: No such file or directory
2020-04-22 01:51:32.295716: W tensorflow/stream_executor/platform/default/dso_loader.cc:55] Could not load dynamic library 'libnvinfer.so.6'; dlerror: libnvinfer.so.6: cannot open shared object file: No such file or directory
2020-04-22 01:51:32.296443: W tensorflow/stream_executor/platform/default/dso_loader.cc:55] Could not load dynamic library 'libnvinfer_plugin.so.6'; dlerror: libnvinfer_plugin.so.6: cannot open shared object file: No such file or directory
2020-04-22 01:51:32.296454: W tensorflow/compiler/tf2tensorrt/utils/py_utils.cc:30] Cannot dlopen some TensorRT libraries. If you would like to use Nvidia GPU with TensorRT, please make sure the missing libraries mentioned above are installed properly.
slurmstepd: error: *** JOB 1409201 ON a00861 CANCELLED AT 2020-04-22T01:59:45 ***
