/var/spool/slurmd/job1409205/slurm_script: line 7: vbd667: command not found
3
Wed Apr 22 02:10:49 2020       
+-----------------------------------------------------------------------------+
| NVIDIA-SMI 440.33.01    Driver Version: 440.33.01    CUDA Version: 10.2     |
|-------------------------------+----------------------+----------------------+
| GPU  Name        Persistence-M| Bus-Id        Disp.A | Volatile Uncorr. ECC |
| Fan  Temp  Perf  Pwr:Usage/Cap|         Memory-Usage | GPU-Util  Compute M. |
|===============================+======================+======================|
|   0  TITAN RTX           Off  | 00000000:1A:00.0 Off |                  N/A |
| 40%   44C    P2    89W / 280W |  20116MiB / 24220MiB |     49%      Default |
+-------------------------------+----------------------+----------------------+
|   1  TITAN RTX           Off  | 00000000:1B:00.0 Off |                  N/A |
| 40%   41C    P2    58W / 280W |   7374MiB / 24220MiB |     13%      Default |
+-------------------------------+----------------------+----------------------+
|   2  TITAN RTX           Off  | 00000000:3D:00.0 Off |                  N/A |
| 40%   36C    P2    61W / 280W |   5716MiB / 24220MiB |      2%      Default |
+-------------------------------+----------------------+----------------------+
|   3  TITAN RTX           Off  | 00000000:3E:00.0 Off |                  N/A |
| 38%   35C    P0    66W / 280W |      0MiB / 24220MiB |      0%      Default |
+-------------------------------+----------------------+----------------------+
|   4  TITAN RTX           Off  | 00000000:88:00.0 Off |                  N/A |
| 42%   35C    P0    61W / 280W |      0MiB / 24220MiB |      0%      Default |
+-------------------------------+----------------------+----------------------+
|   5  TITAN RTX           Off  | 00000000:89:00.0 Off |                  N/A |
| 48%   36C    P0    56W / 280W |      0MiB / 24220MiB |      1%      Default |
+-------------------------------+----------------------+----------------------+
|   6  TITAN RTX           Off  | 00000000:B1:00.0 Off |                  N/A |
| 40%   35C    P0    63W / 280W |      0MiB / 24220MiB |      1%      Default |
+-------------------------------+----------------------+----------------------+
|   7  TITAN RTX           Off  | 00000000:B2:00.0 Off |                  N/A |
| 21%   35C    P0    60W / 280W |      0MiB / 24220MiB |      0%      Default |
+-------------------------------+----------------------+----------------------+
                                                                               
+-----------------------------------------------------------------------------+
| Processes:                                                       GPU Memory |
|  GPU       PID   Type   Process name                             Usage      |
|=============================================================================|
|    0    139214      C   python                                     20105MiB |
|    1    139214      C   python                                      7363MiB |
|    2    139214      C   python                                      5705MiB |
+-----------------------------------------------------------------------------+
/var/spool/slurmd/job1409205/slurm_script: line 10: activate: No such file or directory
2020-04-22 02:10:54.224854: W tensorflow/stream_executor/platform/default/dso_loader.cc:55] Could not load dynamic library 'libnvinfer.so.6'; dlerror: libnvinfer.so.6: cannot open shared object file: No such file or directory
2020-04-22 02:10:54.225769: W tensorflow/stream_executor/platform/default/dso_loader.cc:55] Could not load dynamic library 'libnvinfer_plugin.so.6'; dlerror: libnvinfer_plugin.so.6: cannot open shared object file: No such file or directory
2020-04-22 02:10:54.225778: W tensorflow/compiler/tf2tensorrt/utils/py_utils.cc:30] Cannot dlopen some TensorRT libraries. If you would like to use Nvidia GPU with TensorRT, please make sure the missing libraries mentioned above are installed properly.
