/var/spool/slurmd/job1408997/slurm_script: line 7: vbd667: command not found
2
Tue Apr 21 14:04:58 2020       
+-----------------------------------------------------------------------------+
| NVIDIA-SMI 440.33.01    Driver Version: 440.33.01    CUDA Version: 10.2     |
|-------------------------------+----------------------+----------------------+
| GPU  Name        Persistence-M| Bus-Id        Disp.A | Volatile Uncorr. ECC |
| Fan  Temp  Perf  Pwr:Usage/Cap|         Memory-Usage | GPU-Util  Compute M. |
|===============================+======================+======================|
|   0  TITAN V             Off  | 00000000:02:00.0 Off |                  N/A |
| 27%   41C    P0    36W / 250W |      0MiB / 12066MiB |      0%      Default |
+-------------------------------+----------------------+----------------------+
|   1  TITAN Xp            Off  | 00000000:03:00.0 Off |                  N/A |
| 22%   39C    P0    62W / 250W |      0MiB / 12196MiB |      0%      Default |
+-------------------------------+----------------------+----------------------+
|   2  Tesla K20c          Off  | 00000000:83:00.0 Off |                    0 |
| 30%   31C    P0    48W / 225W |      0MiB /  4743MiB |      0%      Default |
+-------------------------------+----------------------+----------------------+
|   3  Tesla K40c          Off  | 00000000:84:00.0 Off |                    0 |
| 23%   38C    P0    71W / 235W |      0MiB / 11441MiB |     97%      Default |
+-------------------------------+----------------------+----------------------+
                                                                               
+-----------------------------------------------------------------------------+
| Processes:                                                       GPU Memory |
|  GPU       PID   Type   Process name                             Usage      |
|=============================================================================|
|  No running processes found                                                 |
+-----------------------------------------------------------------------------+
/var/spool/slurmd/job1408997/slurm_script: line 10: activate: No such file or directory
2020-04-21 14:05:12.160341: W tensorflow/stream_executor/platform/default/dso_loader.cc:55] Could not load dynamic library 'libnvinfer.so.6'; dlerror: libnvinfer.so.6: cannot open shared object file: No such file or directory
2020-04-21 14:05:12.171547: W tensorflow/stream_executor/platform/default/dso_loader.cc:55] Could not load dynamic library 'libnvinfer_plugin.so.6'; dlerror: libnvinfer_plugin.so.6: cannot open shared object file: No such file or directory
2020-04-21 14:05:12.171569: W tensorflow/compiler/tf2tensorrt/utils/py_utils.cc:30] Cannot dlopen some TensorRT libraries. If you would like to use Nvidia GPU with TensorRT, please make sure the missing libraries mentioned above are installed properly.
